<?xml version="1.0" encoding="UTF-8"?>
<testsuite name="ilcarro.qa.RegistrationTest" tests="1" skipped="0" failures="0" errors="0" timestamp="2021-02-06T18:07:33" hostname="ASUS-VIVOBOOK" time="0.001">
  <properties/>
  <testcase name="testRegistration" classname="ilcarro.qa.RegistrationTest" time="0.001"/>
  <system-out><![CDATA[]]></system-out>
  <system-err><![CDATA[Starting ChromeDriver 88.0.4324.96 (68dba2d8a0b149a1d3afac56fa74648032bcf46b-refs/branch-heads/4324@{#1784}) on port 20885
Only local connections are allowed.
Please see https://chromedriver.chromium.org/security-considerations for suggestions on keeping ChromeDriver safe.
ChromeDriver was started successfully.
Feb 06, 2021 7:07:32 PM org.openqa.selenium.remote.ProtocolHandshake createSession
INFO: Detected dialect: W3C
]]></system-err>
</testsuite>
